[ERROR] [2022-02-06 00:43:16.803] [main] [org.springframework.boot.diagnostics.LoggingFailureAnalysisReporter] [report] [40] [

***************************
APPLICATION FAILED TO START
***************************

Description:

Field properties in com.wdw.study.config.ZookeeperClient required a single bean, but 2 were found:
	- zookeeperProperties: defined in file [E:\study\ideaProjects\study\zookeeper\target\classes\com\wdw\study\config\ZookeeperProperties.class]
	- zookeeper-com.wdw.study.config.ZookeeperProperties: defined in null


Action:

Consider marking one of the beans as @Primary, updating the consumer to accept multiple beans, or using @Qualifier to identify the bean that should be consumed
]
[ERROR] [2022-02-06 00:44:39.364] [main] [org.springframework.boot.diagnostics.LoggingFailureAnalysisReporter] [report] [40] [

***************************
APPLICATION FAILED TO START
***************************

Description:

Field properties in com.wdw.study.config.ZookeeperClient required a single bean, but 2 were found:
	- zookeeperProperties: defined in file [E:\study\ideaProjects\study\zookeeper\target\classes\com\wdw\study\config\ZookeeperProperties.class]
	- zookeeper-com.wdw.study.config.ZookeeperProperties: defined in null


Action:

Consider marking one of the beans as @Primary, updating the consumer to accept multiple beans, or using @Qualifier to identify the bean that should be consumed
]
